<html><head><title>Teradata MDM Log Messages</title> <style type="text/css"><!-- body, table {font-family: arial,sans-serif; font-size: x-small;}th {background: #336699; color: #FFFFFF; text-align: left;}--> </style></head><body bgcolor="#FFFFFF" topmargin="6" leftmargin="6"><hr size="1" noshade><table wrap cellspacing="0" cellpadding="4" border="1" bordercolor="#224466" width="100%"><tr><th>Transaction Id</th><th>TD SessionId</th><th>Time</th><th>Thread Name</th><th>Level</th><th>Message</th><th>Stack Trace</th><th>Call Trace-Response</th></tr>
  <tr> <td> 1965820764</td> <td> 5660</td> <td> 01/25/2017 09:44:49:286</td> <td> main</td> <td> Exception</td> 
    <td>
Error while while Updating IDGEN Cache 
[Teradata Database] [TeraJDBC 15.10.00.14] [Error 2621] [SQLState HY000] Bad character in format or data of MB_OBJECT_DETAILS.SURROGATE_ENABLED.
    </td>
    <td>java.sql.SQLException: [Teradata Database] [TeraJDBC 15.10.00.14] [Error 2621] [SQLState HY000] Bad character in format or data of MB_OBJECT_DETAILS.SURROGATE_ENABLED.
	at com.teradata.jdbc.jdbc_4.util.ErrorFactory.makeDatabaseSQLException(ErrorFactory.java:308)
	at com.teradata.jdbc.jdbc_4.statemachine.ReceiveInitSubState.action(ReceiveInitSubState.java:103)
	at com.teradata.jdbc.jdbc_4.statemachine.StatementReceiveState.subStateMachine(StatementReceiveState.java:311)
	at com.teradata.jdbc.jdbc_4.statemachine.StatementReceiveState.action(StatementReceiveState.java:200)
	at com.teradata.jdbc.jdbc_4.statemachine.StatementController.runBody(StatementController.java:137)
	at com.teradata.jdbc.jdbc_4.statemachine.StatementController.run(StatementController.java:128)
	at com.teradata.jdbc.jdbc_4.TDStatement.executeStatement(TDStatement.java:387)
	at com.teradata.jdbc.jdbc_4.TDStatement.executeStatement(TDStatement.java:329)
	at com.teradata.jdbc.jdbc_4.TDStatement.doNonPrepExecuteQuery(TDStatement.java:317)
	at com.teradata.jdbc.jdbc_4.TDStatement.executeQuery(TDStatement.java:1106)
	at org.apache.commons.dbcp2.DelegatingStatement.executeQuery(DelegatingStatement.java:207)
	at org.apache.commons.dbcp2.DelegatingStatement.executeQuery(DelegatingStatement.java:207)
	at com.teradata.xcore.dblib.StatementWrapper.executeQuery(StatementWrapper.java:33)
	at com.teradata.xcore.dblib.Jdbc20Statement.executeQuery(Jdbc20Statement.java:20)
	at com.teradata.xservice.meta.selfconfigdocs.GenerateXdocUtil.updateIdGenCacheRequest(GenerateXdocUtil.java:1158)
	at sun.reflect.NativeMethodAccessorImpl.invoke0(Native Method)
	at sun.reflect.NativeMethodAccessorImpl.invoke(NativeMethodAccessorImpl.java:57)
	at sun.reflect.DelegatingMethodAccessorImpl.invoke(DelegatingMethodAccessorImpl.java:43)
	at java.lang.reflect.Method.invoke(Method.java:606)
	at com.teradata.xcore.xrules.misc.NativeMethod.executeMethod(NativeMethod.java:162)
	at com.teradata.xcore.xrules.misc.NativeMethod.execute(NativeMethod.java:77)
	at com.teradata.xcore.xrules.misc.StaticMethod.executeMethod(StaticMethod.java:70)
	at com.teradata.xcore.xrules.misc.NativeFunctionStatement.execute(NativeFunctionStatement.java:37)
	at com.teradata.xcore.xrules.RuleContext.execute(RuleContext.java:207)
	at com.teradata.xcore.xrules.ActionContainerImpl.execute(ActionContainerImpl.java:57)
	at com.teradata.xcore.xrules.RuleStatement.execute(RuleStatement.java:50)
	at com.teradata.xcore.xrules.RuleContext.execute(RuleContext.java:207)
	at com.teradata.xcore.xrules.ActionContainerImpl.execute(ActionContainerImpl.java:57)
	at com.teradata.xcore.xrules.RuleModuleImpl.execute(RuleModuleImpl.java:140)
	at com.teradata.xcore.xrules.RuleContext.execute(RuleContext.java:207)
	at com.teradata.xcore.xrules.RuleModuleImpl.execute(RuleModuleImpl.java:137)
	at com.teradata.xcore.xrules.docext.RequestRuleModule.execute(RequestRuleModule.java:53)
	at com.teradata.xcore.tool.Persist.executeRequest(Persist.java:185)
	at com.teradata.xcore.xrules.misc.CommandStatement.execute(CommandStatement.java:127)
	at com.teradata.xcore.xrules.RuleContext.execute(RuleContext.java:207)
	at com.teradata.xcore.xrules.ActionContainerImpl.execute(ActionContainerImpl.java:57)
	at com.teradata.xcore.xrules.RuleStatement.execute(RuleStatement.java:50)
	at com.teradata.xcore.xrules.RuleContext.execute(RuleContext.java:207)
	at com.teradata.xcore.xrules.ActionContainerImpl.execute(ActionContainerImpl.java:57)
	at com.teradata.xcore.xrules.RuleModuleImpl.execute(RuleModuleImpl.java:140)
	at com.teradata.xcore.xrules.RuleContext.execute(RuleContext.java:207)
	at com.teradata.xcore.xrules.RuleModuleImpl.execute(RuleModuleImpl.java:137)
	at com.teradata.xcore.xrules.docext.RequestRuleModule.execute(RequestRuleModule.java:53)
	at com.teradata.xcore.tool.Persist.executeRequest(Persist.java:185)
	at com.teradata.xcore.xserver.LocalRequestHandler.endNewRequest(LocalRequestHandler.java:323)
	at com.teradata.xcore.xserver.LocalRequestHandler.request(LocalRequestHandler.java:210)
	at com.teradata.xcore.xserver.InitRules.executeRule(InitRules.java:42)
	at com.teradata.xcore.xserver.InitRules.execute(InitRules.java:25)
	at com.teradata.xcore.xserver.Xserver.initRules(Xserver.java:345)
	at com.teradata.xcore.xserver.StartServerExecutionMode.execute(StartServerExecutionMode.java:57)
	at com.teradata.xcore.xserver.Xserver.execute(Xserver.java:722)
	at com.teradata.xcore.xserver.Xserver.main(Xserver.java:668)

    </td><td><br></td>
  </tr>
</table></body></html><html><head><title>Teradata MDM Log Messages</title> <style type="text/css"><!-- body, table {font-family: arial,sans-serif; font-size: x-small;}th {background: #336699; color: #FFFFFF; text-align: left;}--> </style></head><body bgcolor="#FFFFFF" topmargin="6" leftmargin="6"><hr size="1" noshade><table wrap cellspacing="0" cellpadding="4" border="1" bordercolor="#224466" width="100%"><tr><th>Transaction Id</th><th>TD SessionId</th><th>Time</th><th>Thread Name</th><th>Level</th><th>Message</th><th>Stack Trace</th><th>Call Trace-Response</th></tr>
  <tr> <td> 582456964</td> <td> 5718</td> <td> 01/25/2017 12:43:04:404</td> <td> main</td> <td> Exception</td> 
    <td>
Error while while Updating IDGEN Cache 
[Teradata Database] [TeraJDBC 15.10.00.14] [Error 2621] [SQLState HY000] Bad character in format or data of MB_OBJECT_DETAILS.SURROGATE_ENABLED.
    </td>
    <td>java.sql.SQLException: [Teradata Database] [TeraJDBC 15.10.00.14] [Error 2621] [SQLState HY000] Bad character in format or data of MB_OBJECT_DETAILS.SURROGATE_ENABLED.
	at com.teradata.jdbc.jdbc_4.util.ErrorFactory.makeDatabaseSQLException(ErrorFactory.java:308)
	at com.teradata.jdbc.jdbc_4.statemachine.ReceiveInitSubState.action(ReceiveInitSubState.java:103)
	at com.teradata.jdbc.jdbc_4.statemachine.StatementReceiveState.subStateMachine(StatementReceiveState.java:311)
	at com.teradata.jdbc.jdbc_4.statemachine.StatementReceiveState.action(StatementReceiveState.java:200)
	at com.teradata.jdbc.jdbc_4.statemachine.StatementController.runBody(StatementController.java:137)
	at com.teradata.jdbc.jdbc_4.statemachine.StatementController.run(StatementController.java:128)
	at com.teradata.jdbc.jdbc_4.TDStatement.executeStatement(TDStatement.java:387)
	at com.teradata.jdbc.jdbc_4.TDStatement.executeStatement(TDStatement.java:329)
	at com.teradata.jdbc.jdbc_4.TDStatement.doNonPrepExecuteQuery(TDStatement.java:317)
	at com.teradata.jdbc.jdbc_4.TDStatement.executeQuery(TDStatement.java:1106)
	at org.apache.commons.dbcp2.DelegatingStatement.executeQuery(DelegatingStatement.java:207)
	at org.apache.commons.dbcp2.DelegatingStatement.executeQuery(DelegatingStatement.java:207)
	at com.teradata.xcore.dblib.StatementWrapper.executeQuery(StatementWrapper.java:33)
	at com.teradata.xcore.dblib.Jdbc20Statement.executeQuery(Jdbc20Statement.java:20)
	at com.teradata.xservice.meta.selfconfigdocs.GenerateXdocUtil.updateIdGenCacheRequest(GenerateXdocUtil.java:1158)
	at sun.reflect.NativeMethodAccessorImpl.invoke0(Native Method)
	at sun.reflect.NativeMethodAccessorImpl.invoke(NativeMethodAccessorImpl.java:57)
	at sun.reflect.DelegatingMethodAccessorImpl.invoke(DelegatingMethodAccessorImpl.java:43)
	at java.lang.reflect.Method.invoke(Method.java:606)
	at com.teradata.xcore.xrules.misc.NativeMethod.executeMethod(NativeMethod.java:162)
	at com.teradata.xcore.xrules.misc.NativeMethod.execute(NativeMethod.java:77)
	at com.teradata.xcore.xrules.misc.StaticMethod.executeMethod(StaticMethod.java:70)
	at com.teradata.xcore.xrules.misc.NativeFunctionStatement.execute(NativeFunctionStatement.java:37)
	at com.teradata.xcore.xrules.RuleContext.execute(RuleContext.java:207)
	at com.teradata.xcore.xrules.ActionContainerImpl.execute(ActionContainerImpl.java:57)
	at com.teradata.xcore.xrules.RuleStatement.execute(RuleStatement.java:50)
	at com.teradata.xcore.xrules.RuleContext.execute(RuleContext.java:207)
	at com.teradata.xcore.xrules.ActionContainerImpl.execute(ActionContainerImpl.java:57)
	at com.teradata.xcore.xrules.RuleModuleImpl.execute(RuleModuleImpl.java:140)
	at com.teradata.xcore.xrules.RuleContext.execute(RuleContext.java:207)
	at com.teradata.xcore.xrules.RuleModuleImpl.execute(RuleModuleImpl.java:137)
	at com.teradata.xcore.xrules.docext.RequestRuleModule.execute(RequestRuleModule.java:53)
	at com.teradata.xcore.tool.Persist.executeRequest(Persist.java:185)
	at com.teradata.xcore.xrules.misc.CommandStatement.execute(CommandStatement.java:127)
	at com.teradata.xcore.xrules.RuleContext.execute(RuleContext.java:207)
	at com.teradata.xcore.xrules.ActionContainerImpl.execute(ActionContainerImpl.java:57)
	at com.teradata.xcore.xrules.RuleStatement.execute(RuleStatement.java:50)
	at com.teradata.xcore.xrules.RuleContext.execute(RuleContext.java:207)
	at com.teradata.xcore.xrules.ActionContainerImpl.execute(ActionContainerImpl.java:57)
	at com.teradata.xcore.xrules.RuleModuleImpl.execute(RuleModuleImpl.java:140)
	at com.teradata.xcore.xrules.RuleContext.execute(RuleContext.java:207)
	at com.teradata.xcore.xrules.RuleModuleImpl.execute(RuleModuleImpl.java:137)
	at com.teradata.xcore.xrules.docext.RequestRuleModule.execute(RequestRuleModule.java:53)
	at com.teradata.xcore.tool.Persist.executeRequest(Persist.java:185)
	at com.teradata.xcore.xserver.LocalRequestHandler.endNewRequest(LocalRequestHandler.java:323)
	at com.teradata.xcore.xserver.LocalRequestHandler.request(LocalRequestHandler.java:210)
	at com.teradata.xcore.xserver.InitRules.executeRule(InitRules.java:42)
	at com.teradata.xcore.xserver.InitRules.execute(InitRules.java:25)
	at com.teradata.xcore.xserver.Xserver.initRules(Xserver.java:345)
	at com.teradata.xcore.xserver.StartServerExecutionMode.execute(StartServerExecutionMode.java:57)
	at com.teradata.xcore.xserver.Xserver.execute(Xserver.java:722)
	at com.teradata.xcore.xserver.Xserver.main(Xserver.java:668)

    </td><td><br></td>
  </tr>
</table></body></html><html><head><title>Teradata MDM Log Messages</title> <style type="text/css"><!-- body, table {font-family: arial,sans-serif; font-size: x-small;}th {background: #336699; color: #FFFFFF; text-align: left;}--> </style></head><body bgcolor="#FFFFFF" topmargin="6" leftmargin="6"><hr size="1" noshade><table wrap cellspacing="0" cellpadding="4" border="1" bordercolor="#224466" width="100%"><tr><th>Transaction Id</th><th>TD SessionId</th><th>Time</th><th>Thread Name</th><th>Level</th><th>Message</th><th>Stack Trace</th><th>Call Trace-Response</th></tr>
  <tr> <td> 532399244</td> <td> 5803</td> <td> 01/25/2017 15:13:58:124</td> <td> main</td> <td> Exception</td> 
    <td>
Error while while Updating IDGEN Cache 
[Teradata Database] [TeraJDBC 15.10.00.14] [Error 2621] [SQLState HY000] Bad character in format or data of MB_OBJECT_DETAILS.SURROGATE_ENABLED.
    </td>
    <td>java.sql.SQLException: [Teradata Database] [TeraJDBC 15.10.00.14] [Error 2621] [SQLState HY000] Bad character in format or data of MB_OBJECT_DETAILS.SURROGATE_ENABLED.
	at com.teradata.jdbc.jdbc_4.util.ErrorFactory.makeDatabaseSQLException(ErrorFactory.java:308)
	at com.teradata.jdbc.jdbc_4.statemachine.ReceiveInitSubState.action(ReceiveInitSubState.java:103)
	at com.teradata.jdbc.jdbc_4.statemachine.StatementReceiveState.subStateMachine(StatementReceiveState.java:311)
	at com.teradata.jdbc.jdbc_4.statemachine.StatementReceiveState.action(StatementReceiveState.java:200)
	at com.teradata.jdbc.jdbc_4.statemachine.StatementController.runBody(StatementController.java:137)
	at com.teradata.jdbc.jdbc_4.statemachine.StatementController.run(StatementController.java:128)
	at com.teradata.jdbc.jdbc_4.TDStatement.executeStatement(TDStatement.java:387)
	at com.teradata.jdbc.jdbc_4.TDStatement.executeStatement(TDStatement.java:329)
	at com.teradata.jdbc.jdbc_4.TDStatement.doNonPrepExecuteQuery(TDStatement.java:317)
	at com.teradata.jdbc.jdbc_4.TDStatement.executeQuery(TDStatement.java:1106)
	at org.apache.commons.dbcp2.DelegatingStatement.executeQuery(DelegatingStatement.java:207)
	at org.apache.commons.dbcp2.DelegatingStatement.executeQuery(DelegatingStatement.java:207)
	at com.teradata.xcore.dblib.StatementWrapper.executeQuery(StatementWrapper.java:33)
	at com.teradata.xcore.dblib.Jdbc20Statement.executeQuery(Jdbc20Statement.java:20)
	at com.teradata.xservice.meta.selfconfigdocs.GenerateXdocUtil.updateIdGenCacheRequest(GenerateXdocUtil.java:1158)
	at sun.reflect.NativeMethodAccessorImpl.invoke0(Native Method)
	at sun.reflect.NativeMethodAccessorImpl.invoke(NativeMethodAccessorImpl.java:57)
	at sun.reflect.DelegatingMethodAccessorImpl.invoke(DelegatingMethodAccessorImpl.java:43)
	at java.lang.reflect.Method.invoke(Method.java:606)
	at com.teradata.xcore.xrules.misc.NativeMethod.executeMethod(NativeMethod.java:162)
	at com.teradata.xcore.xrules.misc.NativeMethod.execute(NativeMethod.java:77)
	at com.teradata.xcore.xrules.misc.StaticMethod.executeMethod(StaticMethod.java:70)
	at com.teradata.xcore.xrules.misc.NativeFunctionStatement.execute(NativeFunctionStatement.java:37)
	at com.teradata.xcore.xrules.RuleContext.execute(RuleContext.java:207)
	at com.teradata.xcore.xrules.ActionContainerImpl.execute(ActionContainerImpl.java:57)
	at com.teradata.xcore.xrules.RuleStatement.execute(RuleStatement.java:50)
	at com.teradata.xcore.xrules.RuleContext.execute(RuleContext.java:207)
	at com.teradata.xcore.xrules.ActionContainerImpl.execute(ActionContainerImpl.java:57)
	at com.teradata.xcore.xrules.RuleModuleImpl.execute(RuleModuleImpl.java:140)
	at com.teradata.xcore.xrules.RuleContext.execute(RuleContext.java:207)
	at com.teradata.xcore.xrules.RuleModuleImpl.execute(RuleModuleImpl.java:137)
	at com.teradata.xcore.xrules.docext.RequestRuleModule.execute(RequestRuleModule.java:53)
	at com.teradata.xcore.tool.Persist.executeRequest(Persist.java:185)
	at com.teradata.xcore.xrules.misc.CommandStatement.execute(CommandStatement.java:127)
	at com.teradata.xcore.xrules.RuleContext.execute(RuleContext.java:207)
	at com.teradata.xcore.xrules.ActionContainerImpl.execute(ActionContainerImpl.java:57)
	at com.teradata.xcore.xrules.RuleStatement.execute(RuleStatement.java:50)
	at com.teradata.xcore.xrules.RuleContext.execute(RuleContext.java:207)
	at com.teradata.xcore.xrules.ActionContainerImpl.execute(ActionContainerImpl.java:57)
	at com.teradata.xcore.xrules.RuleModuleImpl.execute(RuleModuleImpl.java:140)
	at com.teradata.xcore.xrules.RuleContext.execute(RuleContext.java:207)
	at com.teradata.xcore.xrules.RuleModuleImpl.execute(RuleModuleImpl.java:137)
	at com.teradata.xcore.xrules.docext.RequestRuleModule.execute(RequestRuleModule.java:53)
	at com.teradata.xcore.tool.Persist.executeRequest(Persist.java:185)
	at com.teradata.xcore.xserver.LocalRequestHandler.endNewRequest(LocalRequestHandler.java:323)
	at com.teradata.xcore.xserver.LocalRequestHandler.request(LocalRequestHandler.java:210)
	at com.teradata.xcore.xserver.InitRules.executeRule(InitRules.java:42)
	at com.teradata.xcore.xserver.InitRules.execute(InitRules.java:25)
	at com.teradata.xcore.xserver.Xserver.initRules(Xserver.java:345)
	at com.teradata.xcore.xserver.StartServerExecutionMode.execute(StartServerExecutionMode.java:57)
	at com.teradata.xcore.xserver.Xserver.execute(Xserver.java:722)
	at com.teradata.xcore.xserver.Xserver.main(Xserver.java:668)

    </td><td><br></td>
  </tr>
</table></body></html><html><head><title>Teradata MDM Log Messages</title> <style type="text/css"><!-- body, table {font-family: arial,sans-serif; font-size: x-small;}th {background: #336699; color: #FFFFFF; text-align: left;}--> </style></head><body bgcolor="#FFFFFF" topmargin="6" leftmargin="6"><hr size="1" noshade><table wrap cellspacing="0" cellpadding="4" border="1" bordercolor="#224466" width="100%"><tr><th>Transaction Id</th><th>TD SessionId</th><th>Time</th><th>Thread Name</th><th>Level</th><th>Message</th><th>Stack Trace</th><th>Call Trace-Response</th></tr><html><head><title>Teradata MDM Log Messages</title> <style type="text/css"><!-- body, table {font-family: arial,sans-serif; font-size: x-small;}th {background: #336699; color: #FFFFFF; text-align: left;}--> </style></head><body bgcolor="#FFFFFF" topmargin="6" leftmargin="6"><hr size="1" noshade><table wrap cellspacing="0" cellpadding="4" border="1" bordercolor="#224466" width="100%"><tr><th>Transaction Id</th><th>TD SessionId</th><th>Time</th><th>Thread Name</th><th>Level</th><th>Message</th><th>Stack Trace</th><th>Call Trace-Response</th></tr>
  <tr> <td> 795632861</td> <td> 5948</td> <td> 01/26/2017 11:48:53:689</td> <td> main</td> <td> Exception</td> 
    <td>
Error while while Updating IDGEN Cache 
[Teradata Database] [TeraJDBC 15.10.00.14] [Error 2621] [SQLState HY000] Bad character in format or data of MB_OBJECT_DETAILS.SURROGATE_ENABLED.
    </td>
    <td>java.sql.SQLException: [Teradata Database] [TeraJDBC 15.10.00.14] [Error 2621] [SQLState HY000] Bad character in format or data of MB_OBJECT_DETAILS.SURROGATE_ENABLED.
	at com.teradata.jdbc.jdbc_4.util.ErrorFactory.makeDatabaseSQLException(ErrorFactory.java:308)
	at com.teradata.jdbc.jdbc_4.statemachine.ReceiveInitSubState.action(ReceiveInitSubState.java:103)
	at com.teradata.jdbc.jdbc_4.statemachine.StatementReceiveState.subStateMachine(StatementReceiveState.java:311)
	at com.teradata.jdbc.jdbc_4.statemachine.StatementReceiveState.action(StatementReceiveState.java:200)
	at com.teradata.jdbc.jdbc_4.statemachine.StatementController.runBody(StatementController.java:137)
	at com.teradata.jdbc.jdbc_4.statemachine.StatementController.run(StatementController.java:128)
	at com.teradata.jdbc.jdbc_4.TDStatement.executeStatement(TDStatement.java:387)
	at com.teradata.jdbc.jdbc_4.TDStatement.executeStatement(TDStatement.java:329)
	at com.teradata.jdbc.jdbc_4.TDStatement.doNonPrepExecuteQuery(TDStatement.java:317)
	at com.teradata.jdbc.jdbc_4.TDStatement.executeQuery(TDStatement.java:1106)
	at org.apache.commons.dbcp2.DelegatingStatement.executeQuery(DelegatingStatement.java:207)
	at org.apache.commons.dbcp2.DelegatingStatement.executeQuery(DelegatingStatement.java:207)
	at com.teradata.xcore.dblib.StatementWrapper.executeQuery(StatementWrapper.java:33)
	at com.teradata.xcore.dblib.Jdbc20Statement.executeQuery(Jdbc20Statement.java:20)
	at com.teradata.xservice.meta.selfconfigdocs.GenerateXdocUtil.updateIdGenCacheRequest(GenerateXdocUtil.java:1158)
	at sun.reflect.NativeMethodAccessorImpl.invoke0(Native Method)
	at sun.reflect.NativeMethodAccessorImpl.invoke(NativeMethodAccessorImpl.java:57)
	at sun.reflect.DelegatingMethodAccessorImpl.invoke(DelegatingMethodAccessorImpl.java:43)
	at java.lang.reflect.Method.invoke(Method.java:606)
	at com.teradata.xcore.xrules.misc.NativeMethod.executeMethod(NativeMethod.java:162)
	at com.teradata.xcore.xrules.misc.NativeMethod.execute(NativeMethod.java:77)
	at com.teradata.xcore.xrules.misc.StaticMethod.executeMethod(StaticMethod.java:70)
	at com.teradata.xcore.xrules.misc.NativeFunctionStatement.execute(NativeFunctionStatement.java:37)
	at com.teradata.xcore.xrules.RuleContext.execute(RuleContext.java:207)
	at com.teradata.xcore.xrules.ActionContainerImpl.execute(ActionContainerImpl.java:57)
	at com.teradata.xcore.xrules.RuleStatement.execute(RuleStatement.java:50)
	at com.teradata.xcore.xrules.RuleContext.execute(RuleContext.java:207)
	at com.teradata.xcore.xrules.ActionContainerImpl.execute(ActionContainerImpl.java:57)
	at com.teradata.xcore.xrules.RuleModuleImpl.execute(RuleModuleImpl.java:140)
	at com.teradata.xcore.xrules.RuleContext.execute(RuleContext.java:207)
	at com.teradata.xcore.xrules.RuleModuleImpl.execute(RuleModuleImpl.java:137)
	at com.teradata.xcore.xrules.docext.RequestRuleModule.execute(RequestRuleModule.java:53)
	at com.teradata.xcore.tool.Persist.executeRequest(Persist.java:185)
	at com.teradata.xcore.xrules.misc.CommandStatement.execute(CommandStatement.java:127)
	at com.teradata.xcore.xrules.RuleContext.execute(RuleContext.java:207)
	at com.teradata.xcore.xrules.ActionContainerImpl.execute(ActionContainerImpl.java:57)
	at com.teradata.xcore.xrules.RuleStatement.execute(RuleStatement.java:50)
	at com.teradata.xcore.xrules.RuleContext.execute(RuleContext.java:207)
	at com.teradata.xcore.xrules.ActionContainerImpl.execute(ActionContainerImpl.java:57)
	at com.teradata.xcore.xrules.RuleModuleImpl.execute(RuleModuleImpl.java:140)
	at com.teradata.xcore.xrules.RuleContext.execute(RuleContext.java:207)
	at com.teradata.xcore.xrules.RuleModuleImpl.execute(RuleModuleImpl.java:137)
	at com.teradata.xcore.xrules.docext.RequestRuleModule.execute(RequestRuleModule.java:53)
	at com.teradata.xcore.tool.Persist.executeRequest(Persist.java:185)
	at com.teradata.xcore.xserver.LocalRequestHandler.endNewRequest(LocalRequestHandler.java:323)
	at com.teradata.xcore.xserver.LocalRequestHandler.request(LocalRequestHandler.java:210)
	at com.teradata.xcore.xserver.InitRules.executeRule(InitRules.java:42)
	at com.teradata.xcore.xserver.InitRules.execute(InitRules.java:25)
	at com.teradata.xcore.xserver.Xserver.initRules(Xserver.java:345)
	at com.teradata.xcore.xserver.StartServerExecutionMode.execute(StartServerExecutionMode.java:57)
	at com.teradata.xcore.xserver.Xserver.execute(Xserver.java:722)
	at com.teradata.xcore.xserver.Xserver.main(Xserver.java:668)

    </td><td><br></td>
  </tr>
</table></body></html><html><head><title>Teradata MDM Log Messages</title> <style type="text/css"><!-- body, table {font-family: arial,sans-serif; font-size: x-small;}th {background: #336699; color: #FFFFFF; text-align: left;}--> </style></head><body bgcolor="#FFFFFF" topmargin="6" leftmargin="6"><hr size="1" noshade><table wrap cellspacing="0" cellpadding="4" border="1" bordercolor="#224466" width="100%"><tr><th>Transaction Id</th><th>TD SessionId</th><th>Time</th><th>Thread Name</th><th>Level</th><th>Message</th><th>Stack Trace</th><th>Call Trace-Response</th></tr>
  <tr> <td> 2009249847</td> <td> 5968</td> <td> 01/26/2017 12:12:22:996</td> <td> main</td> <td> Exception</td> 
    <td>
Error while while Updating IDGEN Cache 
[Teradata Database] [TeraJDBC 15.10.00.14] [Error 2621] [SQLState HY000] Bad character in format or data of MB_OBJECT_DETAILS.SURROGATE_ENABLED.
    </td>
    <td>java.sql.SQLException: [Teradata Database] [TeraJDBC 15.10.00.14] [Error 2621] [SQLState HY000] Bad character in format or data of MB_OBJECT_DETAILS.SURROGATE_ENABLED.
	at com.teradata.jdbc.jdbc_4.util.ErrorFactory.makeDatabaseSQLException(ErrorFactory.java:308)
	at com.teradata.jdbc.jdbc_4.statemachine.ReceiveInitSubState.action(ReceiveInitSubState.java:103)
	at com.teradata.jdbc.jdbc_4.statemachine.StatementReceiveState.subStateMachine(StatementReceiveState.java:311)
	at com.teradata.jdbc.jdbc_4.statemachine.StatementReceiveState.action(StatementReceiveState.java:200)
	at com.teradata.jdbc.jdbc_4.statemachine.StatementController.runBody(StatementController.java:137)
	at com.teradata.jdbc.jdbc_4.statemachine.StatementController.run(StatementController.java:128)
	at com.teradata.jdbc.jdbc_4.TDStatement.executeStatement(TDStatement.java:387)
	at com.teradata.jdbc.jdbc_4.TDStatement.executeStatement(TDStatement.java:329)
	at com.teradata.jdbc.jdbc_4.TDStatement.doNonPrepExecuteQuery(TDStatement.java:317)
	at com.teradata.jdbc.jdbc_4.TDStatement.executeQuery(TDStatement.java:1106)
	at org.apache.commons.dbcp2.DelegatingStatement.executeQuery(DelegatingStatement.java:207)
	at org.apache.commons.dbcp2.DelegatingStatement.executeQuery(DelegatingStatement.java:207)
	at com.teradata.xcore.dblib.StatementWrapper.executeQuery(StatementWrapper.java:33)
	at com.teradata.xcore.dblib.Jdbc20Statement.executeQuery(Jdbc20Statement.java:20)
	at com.teradata.xservice.meta.selfconfigdocs.GenerateXdocUtil.updateIdGenCacheRequest(GenerateXdocUtil.java:1158)
	at sun.reflect.NativeMethodAccessorImpl.invoke0(Native Method)
	at sun.reflect.NativeMethodAccessorImpl.invoke(NativeMethodAccessorImpl.java:57)
	at sun.reflect.DelegatingMethodAccessorImpl.invoke(DelegatingMethodAccessorImpl.java:43)
	at java.lang.reflect.Method.invoke(Method.java:606)
	at com.teradata.xcore.xrules.misc.NativeMethod.executeMethod(NativeMethod.java:162)
	at com.teradata.xcore.xrules.misc.NativeMethod.execute(NativeMethod.java:77)
	at com.teradata.xcore.xrules.misc.StaticMethod.executeMethod(StaticMethod.java:70)
	at com.teradata.xcore.xrules.misc.NativeFunctionStatement.execute(NativeFunctionStatement.java:37)
	at com.teradata.xcore.xrules.RuleContext.execute(RuleContext.java:207)
	at com.teradata.xcore.xrules.ActionContainerImpl.execute(ActionContainerImpl.java:57)
	at com.teradata.xcore.xrules.RuleStatement.execute(RuleStatement.java:50)
	at com.teradata.xcore.xrules.RuleContext.execute(RuleContext.java:207)
	at com.teradata.xcore.xrules.ActionContainerImpl.execute(ActionContainerImpl.java:57)
	at com.teradata.xcore.xrules.RuleModuleImpl.execute(RuleModuleImpl.java:140)
	at com.teradata.xcore.xrules.RuleContext.execute(RuleContext.java:207)
	at com.teradata.xcore.xrules.RuleModuleImpl.execute(RuleModuleImpl.java:137)
	at com.teradata.xcore.xrules.docext.RequestRuleModule.execute(RequestRuleModule.java:53)
	at com.teradata.xcore.tool.Persist.executeRequest(Persist.java:185)
	at com.teradata.xcore.xrules.misc.CommandStatement.execute(CommandStatement.java:127)
	at com.teradata.xcore.xrules.RuleContext.execute(RuleContext.java:207)
	at com.teradata.xcore.xrules.ActionContainerImpl.execute(ActionContainerImpl.java:57)
	at com.teradata.xcore.xrules.RuleStatement.execute(RuleStatement.java:50)
	at com.teradata.xcore.xrules.RuleContext.execute(RuleContext.java:207)
	at com.teradata.xcore.xrules.ActionContainerImpl.execute(ActionContainerImpl.java:57)
	at com.teradata.xcore.xrules.RuleModuleImpl.execute(RuleModuleImpl.java:140)
	at com.teradata.xcore.xrules.RuleContext.execute(RuleContext.java:207)
	at com.teradata.xcore.xrules.RuleModuleImpl.execute(RuleModuleImpl.java:137)
	at com.teradata.xcore.xrules.docext.RequestRuleModule.execute(RequestRuleModule.java:53)
	at com.teradata.xcore.tool.Persist.executeRequest(Persist.java:185)
	at com.teradata.xcore.xserver.LocalRequestHandler.endNewRequest(LocalRequestHandler.java:323)
	at com.teradata.xcore.xserver.LocalRequestHandler.request(LocalRequestHandler.java:210)
	at com.teradata.xcore.xserver.InitRules.executeRule(InitRules.java:42)
	at com.teradata.xcore.xserver.InitRules.execute(InitRules.java:25)
	at com.teradata.xcore.xserver.Xserver.initRules(Xserver.java:345)
	at com.teradata.xcore.xserver.StartServerExecutionMode.execute(StartServerExecutionMode.java:57)
	at com.teradata.xcore.xserver.Xserver.execute(Xserver.java:722)
	at com.teradata.xcore.xserver.Xserver.main(Xserver.java:668)

    </td><td><br></td>
  </tr>
</table></body></html><html><head><title>Teradata MDM Log Messages</title> <style type="text/css"><!-- body, table {font-family: arial,sans-serif; font-size: x-small;}th {background: #336699; color: #FFFFFF; text-align: left;}--> </style></head><body bgcolor="#FFFFFF" topmargin="6" leftmargin="6"><hr size="1" noshade><table wrap cellspacing="0" cellpadding="4" border="1" bordercolor="#224466" width="100%"><tr><th>Transaction Id</th><th>TD SessionId</th><th>Time</th><th>Thread Name</th><th>Level</th><th>Message</th><th>Stack Trace</th><th>Call Trace-Response</th></tr>
  <tr> <td> 1834202363</td> <td> 5981</td> <td> 01/26/2017 12:53:02:031</td> <td> main</td> <td> Exception</td> 
    <td>
Error while while Updating IDGEN Cache 
[Teradata Database] [TeraJDBC 15.10.00.14] [Error 2621] [SQLState HY000] Bad character in format or data of MB_OBJECT_DETAILS.SURROGATE_ENABLED.
    </td>
    <td>java.sql.SQLException: [Teradata Database] [TeraJDBC 15.10.00.14] [Error 2621] [SQLState HY000] Bad character in format or data of MB_OBJECT_DETAILS.SURROGATE_ENABLED.
	at com.teradata.jdbc.jdbc_4.util.ErrorFactory.makeDatabaseSQLException(ErrorFactory.java:308)
	at com.teradata.jdbc.jdbc_4.statemachine.ReceiveInitSubState.action(ReceiveInitSubState.java:103)
	at com.teradata.jdbc.jdbc_4.statemachine.StatementReceiveState.subStateMachine(StatementReceiveState.java:311)
	at com.teradata.jdbc.jdbc_4.statemachine.StatementReceiveState.action(StatementReceiveState.java:200)
	at com.teradata.jdbc.jdbc_4.statemachine.StatementController.runBody(StatementController.java:137)
	at com.teradata.jdbc.jdbc_4.statemachine.StatementController.run(StatementController.java:128)
	at com.teradata.jdbc.jdbc_4.TDStatement.executeStatement(TDStatement.java:387)
	at com.teradata.jdbc.jdbc_4.TDStatement.executeStatement(TDStatement.java:329)
	at com.teradata.jdbc.jdbc_4.TDStatement.doNonPrepExecuteQuery(TDStatement.java:317)
	at com.teradata.jdbc.jdbc_4.TDStatement.executeQuery(TDStatement.java:1106)
	at org.apache.commons.dbcp2.DelegatingStatement.executeQuery(DelegatingStatement.java:207)
	at org.apache.commons.dbcp2.DelegatingStatement.executeQuery(DelegatingStatement.java:207)
	at com.teradata.xcore.dblib.StatementWrapper.executeQuery(StatementWrapper.java:33)
	at com.teradata.xcore.dblib.Jdbc20Statement.executeQuery(Jdbc20Statement.java:20)
	at com.teradata.xservice.meta.selfconfigdocs.GenerateXdocUtil.updateIdGenCacheRequest(GenerateXdocUtil.java:1158)
	at sun.reflect.NativeMethodAccessorImpl.invoke0(Native Method)
	at sun.reflect.NativeMethodAccessorImpl.invoke(NativeMethodAccessorImpl.java:57)
	at sun.reflect.DelegatingMethodAccessorImpl.invoke(DelegatingMethodAccessorImpl.java:43)
	at java.lang.reflect.Method.invoke(Method.java:606)
	at com.teradata.xcore.xrules.misc.NativeMethod.executeMethod(NativeMethod.java:162)
	at com.teradata.xcore.xrules.misc.NativeMethod.execute(NativeMethod.java:77)
	at com.teradata.xcore.xrules.misc.StaticMethod.executeMethod(StaticMethod.java:70)
	at com.teradata.xcore.xrules.misc.NativeFunctionStatement.execute(NativeFunctionStatement.java:37)
	at com.teradata.xcore.xrules.RuleContext.execute(RuleContext.java:207)
	at com.teradata.xcore.xrules.ActionContainerImpl.execute(ActionContainerImpl.java:57)
	at com.teradata.xcore.xrules.RuleStatement.execute(RuleStatement.java:50)
	at com.teradata.xcore.xrules.RuleContext.execute(RuleContext.java:207)
	at com.teradata.xcore.xrules.ActionContainerImpl.execute(ActionContainerImpl.java:57)
	at com.teradata.xcore.xrules.RuleModuleImpl.execute(RuleModuleImpl.java:140)
	at com.teradata.xcore.xrules.RuleContext.execute(RuleContext.java:207)
	at com.teradata.xcore.xrules.RuleModuleImpl.execute(RuleModuleImpl.java:137)
	at com.teradata.xcore.xrules.docext.RequestRuleModule.execute(RequestRuleModule.java:53)
	at com.teradata.xcore.tool.Persist.executeRequest(Persist.java:185)
	at com.teradata.xcore.xrules.misc.CommandStatement.execute(CommandStatement.java:127)
	at com.teradata.xcore.xrules.RuleContext.execute(RuleContext.java:207)
	at com.teradata.xcore.xrules.ActionContainerImpl.execute(ActionContainerImpl.java:57)
	at com.teradata.xcore.xrules.RuleStatement.execute(RuleStatement.java:50)
	at com.teradata.xcore.xrules.RuleContext.execute(RuleContext.java:207)
	at com.teradata.xcore.xrules.ActionContainerImpl.execute(ActionContainerImpl.java:57)
	at com.teradata.xcore.xrules.RuleModuleImpl.execute(RuleModuleImpl.java:140)
	at com.teradata.xcore.xrules.RuleContext.execute(RuleContext.java:207)
	at com.teradata.xcore.xrules.RuleModuleImpl.execute(RuleModuleImpl.java:137)
	at com.teradata.xcore.xrules.docext.RequestRuleModule.execute(RequestRuleModule.java:53)
	at com.teradata.xcore.tool.Persist.executeRequest(Persist.java:185)
	at com.teradata.xcore.xserver.LocalRequestHandler.endNewRequest(LocalRequestHandler.java:323)
	at com.teradata.xcore.xserver.LocalRequestHandler.request(LocalRequestHandler.java:210)
	at com.teradata.xcore.xserver.InitRules.executeRule(InitRules.java:42)
	at com.teradata.xcore.xserver.InitRules.execute(InitRules.java:25)
	at com.teradata.xcore.xserver.Xserver.initRules(Xserver.java:345)
	at com.teradata.xcore.xserver.StartServerExecutionMode.execute(StartServerExecutionMode.java:57)
	at com.teradata.xcore.xserver.Xserver.execute(Xserver.java:722)
	at com.teradata.xcore.xserver.Xserver.main(Xserver.java:668)

    </td><td><br></td>
  </tr>
</table></body></html><html><head><title>Teradata MDM Log Messages</title> <style type="text/css"><!-- body, table {font-family: arial,sans-serif; font-size: x-small;}th {background: #336699; color: #FFFFFF; text-align: left;}--> </style></head><body bgcolor="#FFFFFF" topmargin="6" leftmargin="6"><hr size="1" noshade><table wrap cellspacing="0" cellpadding="4" border="1" bordercolor="#224466" width="100%"><tr><th>Transaction Id</th><th>TD SessionId</th><th>Time</th><th>Thread Name</th><th>Level</th><th>Message</th><th>Stack Trace</th><th>Call Trace-Response</th></tr>
  <tr> <td> 1788240981</td> <td> 5993</td> <td> 01/26/2017 13:07:26:474</td> <td> main</td> <td> Exception</td> 
    <td>
Error while while Updating IDGEN Cache 
[Teradata Database] [TeraJDBC 15.10.00.14] [Error 2621] [SQLState HY000] Bad character in format or data of MB_OBJECT_DETAILS.SURROGATE_ENABLED.
    </td>
    <td>java.sql.SQLException: [Teradata Database] [TeraJDBC 15.10.00.14] [Error 2621] [SQLState HY000] Bad character in format or data of MB_OBJECT_DETAILS.SURROGATE_ENABLED.
	at com.teradata.jdbc.jdbc_4.util.ErrorFactory.makeDatabaseSQLException(ErrorFactory.java:308)
	at com.teradata.jdbc.jdbc_4.statemachine.ReceiveInitSubState.action(ReceiveInitSubState.java:103)
	at com.teradata.jdbc.jdbc_4.statemachine.StatementReceiveState.subStateMachine(StatementReceiveState.java:311)
	at com.teradata.jdbc.jdbc_4.statemachine.StatementReceiveState.action(StatementReceiveState.java:200)
	at com.teradata.jdbc.jdbc_4.statemachine.StatementController.runBody(StatementController.java:137)
	at com.teradata.jdbc.jdbc_4.statemachine.StatementController.run(StatementController.java:128)
	at com.teradata.jdbc.jdbc_4.TDStatement.executeStatement(TDStatement.java:387)
	at com.teradata.jdbc.jdbc_4.TDStatement.executeStatement(TDStatement.java:329)
	at com.teradata.jdbc.jdbc_4.TDStatement.doNonPrepExecuteQuery(TDStatement.java:317)
	at com.teradata.jdbc.jdbc_4.TDStatement.executeQuery(TDStatement.java:1106)
	at org.apache.commons.dbcp2.DelegatingStatement.executeQuery(DelegatingStatement.java:207)
	at org.apache.commons.dbcp2.DelegatingStatement.executeQuery(DelegatingStatement.java:207)
	at com.teradata.xcore.dblib.StatementWrapper.executeQuery(StatementWrapper.java:33)
	at com.teradata.xcore.dblib.Jdbc20Statement.executeQuery(Jdbc20Statement.java:20)
	at com.teradata.xservice.meta.selfconfigdocs.GenerateXdocUtil.updateIdGenCacheRequest(GenerateXdocUtil.java:1158)
	at sun.reflect.NativeMethodAccessorImpl.invoke0(Native Method)
	at sun.reflect.NativeMethodAccessorImpl.invoke(NativeMethodAccessorImpl.java:57)
	at sun.reflect.DelegatingMethodAccessorImpl.invoke(DelegatingMethodAccessorImpl.java:43)
	at java.lang.reflect.Method.invoke(Method.java:606)
	at com.teradata.xcore.xrules.misc.NativeMethod.executeMethod(NativeMethod.java:162)
	at com.teradata.xcore.xrules.misc.NativeMethod.execute(NativeMethod.java:77)
	at com.teradata.xcore.xrules.misc.StaticMethod.executeMethod(StaticMethod.java:70)
	at com.teradata.xcore.xrules.misc.NativeFunctionStatement.execute(NativeFunctionStatement.java:37)
	at com.teradata.xcore.xrules.RuleContext.execute(RuleContext.java:207)
	at com.teradata.xcore.xrules.ActionContainerImpl.execute(ActionContainerImpl.java:57)
	at com.teradata.xcore.xrules.RuleStatement.execute(RuleStatement.java:50)
	at com.teradata.xcore.xrules.RuleContext.execute(RuleContext.java:207)
	at com.teradata.xcore.xrules.ActionContainerImpl.execute(ActionContainerImpl.java:57)
	at com.teradata.xcore.xrules.RuleModuleImpl.execute(RuleModuleImpl.java:140)
	at com.teradata.xcore.xrules.RuleContext.execute(RuleContext.java:207)
	at com.teradata.xcore.xrules.RuleModuleImpl.execute(RuleModuleImpl.java:137)
	at com.teradata.xcore.xrules.docext.RequestRuleModule.execute(RequestRuleModule.java:53)
	at com.teradata.xcore.tool.Persist.executeRequest(Persist.java:185)
	at com.teradata.xcore.xrules.misc.CommandStatement.execute(CommandStatement.java:127)
	at com.teradata.xcore.xrules.RuleContext.execute(RuleContext.java:207)
	at com.teradata.xcore.xrules.ActionContainerImpl.execute(ActionContainerImpl.java:57)
	at com.teradata.xcore.xrules.RuleStatement.execute(RuleStatement.java:50)
	at com.teradata.xcore.xrules.RuleContext.execute(RuleContext.java:207)
	at com.teradata.xcore.xrules.ActionContainerImpl.execute(ActionContainerImpl.java:57)
	at com.teradata.xcore.xrules.RuleModuleImpl.execute(RuleModuleImpl.java:140)
	at com.teradata.xcore.xrules.RuleContext.execute(RuleContext.java:207)
	at com.teradata.xcore.xrules.RuleModuleImpl.execute(RuleModuleImpl.java:137)
	at com.teradata.xcore.xrules.docext.RequestRuleModule.execute(RequestRuleModule.java:53)
	at com.teradata.xcore.tool.Persist.executeRequest(Persist.java:185)
	at com.teradata.xcore.xserver.LocalRequestHandler.endNewRequest(LocalRequestHandler.java:323)
	at com.teradata.xcore.xserver.LocalRequestHandler.request(LocalRequestHandler.java:210)
	at com.teradata.xcore.xserver.InitRules.executeRule(InitRules.java:42)
	at com.teradata.xcore.xserver.InitRules.execute(InitRules.java:25)
	at com.teradata.xcore.xserver.Xserver.initRules(Xserver.java:345)
	at com.teradata.xcore.xserver.StartServerExecutionMode.execute(StartServerExecutionMode.java:57)
	at com.teradata.xcore.xserver.Xserver.execute(Xserver.java:722)
	at com.teradata.xcore.xserver.Xserver.main(Xserver.java:668)

    </td><td><br></td>
  </tr>